<?xml version="1.0" encoding="UTF-8"?>
<testsuite xmlns:xsi="http://www.w3.org/2001/XMLSchema-instance" xsi:noNamespaceSchemaLocation="https://maven.apache.org/surefire/maven-surefire-plugin/xsd/surefire-test-report.xsd" name="testrunners.TestRunner" time="40.454" tests="2" errors="0" skipped="0" failures="0">
  <properties>
[...]
</properties>
  <testcase name="Use 1.0.0.8 Version of licensing system_CucumberTest_ORC-4260 #1" classname="EMPTY_NAME" time="21.641"/>
  <testcase name="Use 1.0.0.8 Version of licensing system_CucumberTest_ORC-4260 #2" classname="EMPTY_NAME" time="15.17"/>
</testsuite>